2014-07-14 16:29:17+0400 [-] Log opened.
2014-07-14 16:29:17+0400 [-] twistd 13.2.0 (/usr/bin/python 2.7.6) starting up.
2014-07-14 16:29:17+0400 [-] reactor class: twisted.internet.epollreactor.EPollReactor.
2014-07-14 16:29:17+0400 [-] Traceback (most recent call last):
2014-07-14 16:29:17+0400 [-]   File "/usr/bin/twistd", line 14, in <module>
2014-07-14 16:29:17+0400 [-]     run()
2014-07-14 16:29:17+0400 [-]   File "/usr/lib/python2.7/dist-packages/twisted/scripts/twistd.py", line 27, in run
2014-07-14 16:29:17+0400 [-]     app.run(runApp, ServerOptions)
2014-07-14 16:29:17+0400 [-]   File "/usr/lib/python2.7/dist-packages/twisted/application/app.py", line 642, in run
2014-07-14 16:29:17+0400 [-]     runApp(config)
2014-07-14 16:29:17+0400 [-]   File "/usr/lib/python2.7/dist-packages/twisted/scripts/twistd.py", line 23, in runApp
2014-07-14 16:29:17+0400 [-]     _SomeApplicationRunner(config).run()
2014-07-14 16:29:17+0400 [-]   File "/usr/lib/python2.7/dist-packages/twisted/application/app.py", line 380, in run
2014-07-14 16:29:17+0400 [-]     self.postApplication()
2014-07-14 16:29:17+0400 [-]   File "/usr/lib/python2.7/dist-packages/twisted/scripts/_twistd_unix.py", line 193, in postApplication
2014-07-14 16:29:17+0400 [-]     self.startApplication(self.application)
2014-07-14 16:29:17+0400 [-]   File "/usr/lib/python2.7/dist-packages/twisted/scripts/_twistd_unix.py", line 381, in startApplication
2014-07-14 16:29:17+0400 [-]     service.IService(application).privilegedStartService()
2014-07-14 16:29:17+0400 [-]   File "/usr/lib/python2.7/dist-packages/twisted/application/service.py", line 277, in privilegedStartService
2014-07-14 16:29:17+0400 [-]     service.privilegedStartService()
2014-07-14 16:29:17+0400 [-]   File "/usr/lib/python2.7/dist-packages/twisted/application/internet.py", line 105, in privilegedStartService
2014-07-14 16:29:17+0400 [-]     self._port = self._getPort()
2014-07-14 16:29:17+0400 [-]   File "/usr/lib/python2.7/dist-packages/twisted/application/internet.py", line 133, in _getPort
2014-07-14 16:29:17+0400 [-]     'listen%s' % (self.method,))(*self.args, **self.kwargs)
2014-07-14 16:29:17+0400 [-]   File "/usr/lib/python2.7/dist-packages/twisted/internet/posixbase.py", line 495, in listenTCP
2014-07-14 16:29:17+0400 [-]     p.startListening()
2014-07-14 16:29:17+0400 [-]   File "/usr/lib/python2.7/dist-packages/twisted/internet/tcp.py", line 980, in startListening
2014-07-14 16:29:17+0400 [-]     raise CannotListenError(self.interface, self.port, le)
2014-07-14 16:29:17+0400 [-] twisted.internet.error.CannotListenError: Couldn't listen on any:79: [Errno 13] Permission denied.
2014-07-14 16:29:27+0400 [-] Log opened.
2014-07-14 16:29:27+0400 [-] twistd 13.2.0 (/usr/bin/python 2.7.6) starting up.
2014-07-14 16:29:27+0400 [-] reactor class: twisted.internet.epollreactor.EPollReactor.
2014-07-14 16:29:27+0400 [-] FingerFactory starting on 2079
2014-07-14 16:29:27+0400 [-] Starting factory <__builtin__.FingerFactory instance at 0x7f059ced05a8>
2014-07-14 16:29:27+0400 [-] failed to set uid/gid 1/1 (are you root?) -- exiting.
2014-07-14 16:32:56+0400 [-] Traceback (most recent call last):
2014-07-14 16:32:56+0400 [-]   File "/usr/bin/twistd", line 14, in <module>
2014-07-14 16:32:56+0400 [-]     run()
2014-07-14 16:32:56+0400 [-]   File "/usr/lib/python2.7/dist-packages/twisted/scripts/twistd.py", line 27, in run
2014-07-14 16:32:56+0400 [-]     app.run(runApp, ServerOptions)
2014-07-14 16:32:56+0400 [-]   File "/usr/lib/python2.7/dist-packages/twisted/application/app.py", line 642, in run
2014-07-14 16:32:56+0400 [-]     runApp(config)
2014-07-14 16:32:56+0400 [-]   File "/usr/lib/python2.7/dist-packages/twisted/scripts/twistd.py", line 23, in runApp
2014-07-14 16:32:56+0400 [-]     _SomeApplicationRunner(config).run()
2014-07-14 16:32:56+0400 [-]   File "/usr/lib/python2.7/dist-packages/twisted/application/app.py", line 380, in run
2014-07-14 16:32:56+0400 [-]     self.postApplication()
2014-07-14 16:32:56+0400 [-]   File "/usr/lib/python2.7/dist-packages/twisted/scripts/_twistd_unix.py", line 193, in postApplication
2014-07-14 16:32:56+0400 [-]     self.startApplication(self.application)
2014-07-14 16:32:56+0400 [-]   File "/usr/lib/python2.7/dist-packages/twisted/scripts/_twistd_unix.py", line 379, in startApplication
2014-07-14 16:32:56+0400 [-]     self.config['pidfile'])
2014-07-14 16:32:56+0400 [-]   File "/usr/lib/python2.7/dist-packages/twisted/scripts/_twistd_unix.py", line 268, in setupEnvironment
2014-07-14 16:32:56+0400 [-]     self.config["statusPipe"] = self.daemonize(reactor)
2014-07-14 16:32:56+0400 [-]   File "/usr/lib/python2.7/dist-packages/twisted/scripts/_twistd_unix.py", line 299, in daemonize
2014-07-14 16:32:56+0400 [-]     code = self._waitForStart(r)
2014-07-14 16:32:56+0400 [-]   File "/usr/lib/python2.7/dist-packages/twisted/scripts/_twistd_unix.py", line 330, in _waitForStart
2014-07-14 16:32:56+0400 [-]     data = untilConcludes(os.read, readPipe, 100)
2014-07-14 16:32:56+0400 [-]   File "/usr/lib/python2.7/dist-packages/twisted/python/util.py", line 832, in untilConcludes
2014-07-14 16:32:56+0400 [-]     return f(*a, **kw)
2014-07-14 16:32:56+0400 [-] KeyboardInterrupt
